<?xml version="1.0" encoding="UTF-8"?>
<testng-results ignored="0" total="1" passed="1" failed="0" skipped="0">
  <reporter-output>
  </reporter-output>
  <suite started-at="2023-08-30T12:47:40 IST" name="Default suite" finished-at="2023-08-30T12:47:40 IST" duration-ms="129">
    <groups>
    </groups>
    <test started-at="2023-08-30T12:47:40 IST" name="Default test" finished-at="2023-08-30T12:47:40 IST" duration-ms="129">
      <class name="stringprogram.Print_Substringof2_Without_Duplicate">
        <test-method signature="substring1()[pri:0, instance:stringprogram.Print_Substringof2_Without_Duplicate@353d0772]" started-at="2023-08-30T12:47:40 IST" name="substring1" finished-at="2023-08-30T12:47:40 IST" duration-ms="23" status="PASS">
          <reporter-output>
          </reporter-output>
        </test-method> <!-- substring1 -->
      </class> <!-- stringprogram.Print_Substringof2_Without_Duplicate -->
    </test> <!-- Default test -->
  </suite> <!-- Default suite -->
</testng-results>
