<?xml version="1.0" encoding="UTF-8"?>
<testng-results ignored="0" total="1" passed="1" failed="0" skipped="0">
  <reporter-output>
  </reporter-output>
  <suite started-at="2023-08-30T11:06:54 IST" name="Default suite" finished-at="2023-08-30T11:06:54 IST" duration-ms="127">
    <groups>
    </groups>
    <test started-at="2023-08-30T11:06:54 IST" name="Default test" finished-at="2023-08-30T11:06:54 IST" duration-ms="127">
      <class name="stringprogram.Print_Missing_Number">
        <test-method signature="missing()[pri:0, instance:stringprogram.Print_Missing_Number@353d0772]" started-at="2023-08-30T11:06:54 IST" name="missing" finished-at="2023-08-30T11:06:54 IST" duration-ms="22" status="PASS">
          <reporter-output>
          </reporter-output>
        </test-method> <!-- missing -->
      </class> <!-- stringprogram.Print_Missing_Number -->
    </test> <!-- Default test -->
  </suite> <!-- Default suite -->
</testng-results>
